<?xml version="1.0" encoding="UTF-8" ?>
<testsuite tests="6" failures="1" name="testRunner.TestRun" time="94.168" errors="0" skipped="0">
  <properties>
[...]
</properties>
  <testcase classname="Customers" name="Add a new Customer" time="31.763"/>
  <testcase classname="Customers" name="Search Customer by EmailID" time="15.09"/>
  <testcase classname="Customers" name="Search Customer by Name" time="17.318"/>
  <testcase classname="Login" name="Successful Login with valid Credentials" time="13.385"/>
  <testcase classname="Login" name="Login Data Driven #1" time="12.254"/>
  <testcase classname="Login" name="Login Data Driven #2" time="4.358">
    <failure type="java.lang.AssertionError">java.lang.AssertionError
	at org.junit.Assert.fail(Assert.java:87)
	at org.junit.Assert.assertTrue(Assert.java:42)
	at org.junit.Assert.assertTrue(Assert.java:53)
	at stepDefinitions.Steps.page_title_should_be(Steps.java:79)
	at ✽.Page Title should be &quot;Dashboard / nopCommerce administration&quot;(file:///D:/silpa/Selenium%20Workspace/nopCommerce/./Features/logIn.feature:18)
</failure>
    <system-out>
@regression
Scenario Outline: Login Data Driven                                  # Features/logIn.feature:26
  Given User Launch Chrome browser                                   # stepDefinitions.Steps.user_launch_chrome_browser()
  When User opens URL &quot;https://admin-demo.nopcommerce.com/&quot;          # stepDefinitions.Steps.user_opens_url(java.lang.String)
  And User enters Email &quot;abc@yourstore.com&quot; and Password &quot;admin&quot;     # stepDefinitions.Steps.user_enters_email_and_password(java.lang.String,java.lang.String)
  And Click on Login                                                 # stepDefinitions.Steps.click_on_login()
  Then Page Title should be &quot;Dashboard / nopCommerce administration&quot; # stepDefinitions.Steps.page_title_should_be(java.lang.String)
      java.lang.AssertionError
	at org.junit.Assert.fail(Assert.java:87)
	at org.junit.Assert.assertTrue(Assert.java:42)
	at org.junit.Assert.assertTrue(Assert.java:53)
	at stepDefinitions.Steps.page_title_should_be(Steps.java:79)
	at âœ½.Page Title should be &quot;Dashboard / nopCommerce administration&quot;(file:///D:/silpa/Selenium%20Workspace/nopCommerce/./Features/logIn.feature:18)

  When User Click on Logout link                                     # stepDefinitions.Steps.user_click_on_logout_link()
  Then Page Title should be &quot;Your store. Login&quot;                      # stepDefinitions.Steps.page_title_should_be(java.lang.String)
  And Close browser                                                  # stepDefinitions.Steps.close_browser()
</system-out>
    <system-err>Starting ChromeDriver 103.0.5060.53 (a1711811edd74ff1cf2150f36ffa3b0dae40b17f-refs/branch-heads/5060@{#853}) on port 54393
Only local connections are allowed.
Please see https://chromedriver.chromium.org/security-considerations for suggestions on keeping ChromeDriver safe.
ChromeDriver was started successfully.
Jul 20, 2022 3:46:36 PM org.openqa.selenium.remote.ProtocolHandshake createSession
INFO: Detected upstream dialect: W3C
Jul 20, 2022 3:46:36 PM org.openqa.selenium.devtools.CdpVersionFinder findNearestMatch
INFO: Found exact CDP implementation for version 103
</system-err>
  </testcase>
</testsuite>